<?xml version="1.0" encoding="UTF-8"?>
<testng-results ignored="0" total="2" passed="2" failed="0" skipped="0">
  <reporter-output>
  </reporter-output>
  <suite started-at="2023-08-25T19:14:26 AST" name="Default suite" finished-at="2023-08-25T19:14:43 AST" duration-ms="17784">
    <groups>
    </groups>
    <test started-at="2023-08-25T19:14:26 AST" name="Default test" finished-at="2023-08-25T19:14:43 AST" duration-ms="17784">
      <class name="DataDriven.DemoDataProvider">
        <test-method signature="tc1(java.lang.String,java.lang.String)[pri:0, instance:DataDriven.DemoDataProvider@117159c0]" started-at="2023-08-25T19:14:26 AST" name="tc1" data-provider="login" finished-at="2023-08-25T19:14:36 AST" duration-ms="9807" status="PASS">
          <params>
            <param index="0">
              <value>
                <![CDATA[Besant]]>
              </value>
            </param>
            <param index="1">
              <value>
                <![CDATA[12345]]>
              </value>
            </param>
          </params>
          <reporter-output>
          </reporter-output>
        </test-method> <!-- tc1 -->
        <test-method signature="tc1(java.lang.String,java.lang.String)[pri:0, instance:DataDriven.DemoDataProvider@117159c0]" started-at="2023-08-25T19:14:36 AST" name="tc1" data-provider="login" finished-at="2023-08-25T19:14:43 AST" duration-ms="7801" status="PASS">
          <params>
            <param index="0">
              <value>
                <![CDATA[Technology]]>
              </value>
            </param>
            <param index="1">
              <value>
                <![CDATA[67890]]>
              </value>
            </param>
          </params>
          <reporter-output>
          </reporter-output>
        </test-method> <!-- tc1 -->
      </class> <!-- DataDriven.DemoDataProvider -->
    </test> <!-- Default test -->
  </suite> <!-- Default suite -->
</testng-results>
